# JRE version: Java(TM) SE Runtime Environment (8.0_121-b13) (build 1.8.0_121-b13)
# Java VM: Java HotSpot(TM) 64-Bit Server VM (25.121-b13 mixed mode windows-amd64 compressed oops)
Heap:
 PSYoungGen      total 191488K, used 92869K [0x00000000eab00000, 0x00000000fbb80000, 0x0000000100000000)
  eden space 162816K, 57% used [0x00000000eab00000,0x00000000f05b1768,0x00000000f4a00000)
  from space 28672K, 0% used [0x00000000f4a00000,0x00000000f4a00000,0x00000000f6600000)
  to   space 30720K, 0% used [0x00000000f9d80000,0x00000000f9d80000,0x00000000fbb80000)
 ParOldGen       total 160256K, used 62082K [0x00000000c0000000, 0x00000000c9c80000, 0x00000000eab00000)
  object space 160256K, 38% used [0x00000000c0000000,0x00000000c3ca0b18,0x00000000c9c80000)
 Metaspace       used 57727K, capacity 59866K, committed 59992K, reserved 1101824K
  class space    used 7808K, capacity 8217K, committed 8320K, reserved 1048576K
GC Heap History (10 events):
Event: 10.401 GC heap before
{Heap before GC invocations=14 (full 2):
 PSYoungGen      total 111616K, used 111591K [0x00000000eab00000, 0x00000000f4680000, 0x0000000100000000)
  eden space 99840K, 100% used [0x00000000eab00000,0x00000000f0c80000,0x00000000f0c80000)
  from space 11776K, 99% used [0x00000000f0c80000,0x00000000f17f9ee8,0x00000000f1800000)
  to   space 13312K, 0% used [0x00000000f3980000,0x00000000f3980000,0x00000000f4680000)
 ParOldGen       total 85504K, used 15448K [0x00000000c0000000, 0x00000000c5380000, 0x00000000eab00000)
  object space 85504K, 18% used [0x00000000c0000000,0x00000000c0f162e8,0x00000000c5380000)
 Metaspace       used 48194K, capacity 49636K, committed 49792K, reserved 1091584K
  class space    used 6651K, capacity 7024K, committed 7040K, reserved 1048576K
Event: 10.422 GC heap after
Heap after GC invocations=14 (full 2):
 PSYoungGen      total 142848K, used 13284K [0x00000000eab00000, 0x00000000f4d00000, 0x0000000100000000)
  eden space 129536K, 0% used [0x00000000eab00000,0x00000000eab00000,0x00000000f2980000)
  from space 13312K, 99% used [0x00000000f3980000,0x00000000f46793b8,0x00000000f4680000)
  to   space 16384K, 0% used [0x00000000f2980000,0x00000000f2980000,0x00000000f3980000)
 ParOldGen       total 85504K, used 20616K [0x00000000c0000000, 0x00000000c5380000, 0x00000000eab00000)
  object space 85504K, 24% used [0x00000000c0000000,0x00000000c14222b8,0x00000000c5380000)
 Metaspace       used 48194K, capacity 49636K, committed 49792K, reserved 1091584K
  class space    used 6651K, capacity 7024K, committed 7040K, reserved 1048576K
}
Event: 17.150 GC heap before
{Heap before GC invocations=15 (full 2):
 PSYoungGen      total 142848K, used 142820K [0x00000000eab00000, 0x00000000f4d00000, 0x0000000100000000)
  eden space 129536K, 100% used [0x00000000eab00000,0x00000000f2980000,0x00000000f2980000)
  from space 13312K, 99% used [0x00000000f3980000,0x00000000f46793b8,0x00000000f4680000)
  to   space 16384K, 0% used [0x00000000f2980000,0x00000000f2980000,0x00000000f3980000)
 ParOldGen       total 85504K, used 20616K [0x00000000c0000000, 0x00000000c5380000, 0x00000000eab00000)
  object space 85504K, 24% used [0x00000000c0000000,0x00000000c14222b8,0x00000000c5380000)
 Metaspace       used 53719K, capacity 55496K, committed 55680K, reserved 1097728K
  class space    used 7320K, capacity 7756K, committed 7808K, reserved 1048576K
Event: 17.176 GC heap after
Heap after GC invocations=15 (full 2):
 PSYoungGen      total 145920K, used 16356K [0x00000000eab00000, 0x00000000f7c80000, 0x0000000100000000)
  eden space 129536K, 0% used [0x00000000eab00000,0x00000000eab00000,0x00000000f2980000)
  from space 16384K, 99% used [0x00000000f2980000,0x00000000f3979368,0x00000000f3980000)
  to   space 23040K, 0% used [0x00000000f6600000,0x00000000f6600000,0x00000000f7c80000)
 ParOldGen       total 85504K, used 31848K [0x00000000c0000000, 0x00000000c5380000, 0x00000000eab00000)
  object space 85504K, 37% used [0x00000000c0000000,0x00000000c1f1a2c8,0x00000000c5380000)
 Metaspace       used 53719K, capacity 55496K, committed 55680K, reserved 1097728K
  class space    used 7320K, capacity 7756K, committed 7808K, reserved 1048576K
}
Event: 20.238 GC heap before
{Heap before GC invocations=16 (full 2):
 PSYoungGen      total 145920K, used 145892K [0x00000000eab00000, 0x00000000f7c80000, 0x0000000100000000)
  eden space 129536K, 100% used [0x00000000eab00000,0x00000000f2980000,0x00000000f2980000)
  from space 16384K, 99% used [0x00000000f2980000,0x00000000f3979368,0x00000000f3980000)
  to   space 23040K, 0% used [0x00000000f6600000,0x00000000f6600000,0x00000000f7c80000)
 ParOldGen       total 85504K, used 31848K [0x00000000c0000000, 0x00000000c5380000, 0x00000000eab00000)
  object space 85504K, 37% used [0x00000000c0000000,0x00000000c1f1a2c8,0x00000000c5380000)
 Metaspace       used 56203K, capacity 58344K, committed 58624K, reserved 1099776K
  class space    used 7628K, capacity 8090K, committed 8192K, reserved 1048576K
Event: 20.263 GC heap after
Heap after GC invocations=16 (full 2):
 PSYoungGen      total 185856K, used 23008K [0x00000000eab00000, 0x00000000f8480000, 0x0000000100000000)
  eden space 162816K, 0% used [0x00000000eab00000,0x00000000eab00000,0x00000000f4a00000)
  from space 23040K, 99% used [0x00000000f6600000,0x00000000f7c78040,0x00000000f7c80000)
  to   space 28672K, 0% used [0x00000000f4a00000,0x00000000f4a00000,0x00000000f6600000)
 ParOldGen       total 85504K, used 38943K [0x00000000c0000000, 0x00000000c5380000, 0x00000000eab00000)
  object space 85504K, 45% used [0x00000000c0000000,0x00000000c2607c28,0x00000000c5380000)
 Metaspace       used 56203K, capacity 58344K, committed 58624K, reserved 1099776K
  class space    used 7628K, capacity 8090K, committed 8192K, reserved 1048576K
}
Event: 20.763 GC heap before
{Heap before GC invocations=17 (full 2):
 PSYoungGen      total 185856K, used 65293K [0x00000000eab00000, 0x00000000f8480000, 0x0000000100000000)
  eden space 162816K, 25% used [0x00000000eab00000,0x00000000ed44b410,0x00000000f4a00000)
  from space 23040K, 99% used [0x00000000f6600000,0x00000000f7c78040,0x00000000f7c80000)
  to   space 28672K, 0% used [0x00000000f4a00000,0x00000000f4a00000,0x00000000f6600000)
 ParOldGen       total 85504K, used 38943K [0x00000000c0000000, 0x00000000c5380000, 0x00000000eab00000)
  object space 85504K, 45% used [0x00000000c0000000,0x00000000c2607c28,0x00000000c5380000)
 Metaspace       used 56980K, capacity 59058K, committed 59096K, reserved 1099776K
  class space    used 7716K, capacity 8157K, committed 8192K, reserved 1048576K
Event: 20.791 GC heap after
Heap after GC invocations=17 (full 2):
 PSYoungGen      total 191488K, used 22516K [0x00000000eab00000, 0x00000000fbb80000, 0x0000000100000000)
  eden space 162816K, 0% used [0x00000000eab00000,0x00000000eab00000,0x00000000f4a00000)
  from space 28672K, 78% used [0x00000000f4a00000,0x00000000f5ffd250,0x00000000f6600000)
  to   space 30720K, 0% used [0x00000000f9d80000,0x00000000f9d80000,0x00000000fbb80000)
 ParOldGen       total 85504K, used 50105K [0x00000000c0000000, 0x00000000c5380000, 0x00000000eab00000)
  object space 85504K, 58% used [0x00000000c0000000,0x00000000c30ee498,0x00000000c5380000)
 Metaspace       used 56980K, capacity 59058K, committed 59096K, reserved 1099776K
  class space    used 7716K, capacity 8157K, committed 8192K, reserved 1048576K
}
Event: 20.791 GC heap before
{Heap before GC invocations=18 (full 3):
 PSYoungGen      total 191488K, used 22516K [0x00000000eab00000, 0x00000000fbb80000, 0x0000000100000000)
  eden space 162816K, 0% used [0x00000000eab00000,0x00000000eab00000,0x00000000f4a00000)
  from space 28672K, 78% used [0x00000000f4a00000,0x00000000f5ffd250,0x00000000f6600000)
  to   space 30720K, 0% used [0x00000000f9d80000,0x00000000f9d80000,0x00000000fbb80000)
 ParOldGen       total 85504K, used 50105K [0x00000000c0000000, 0x00000000c5380000, 0x00000000eab00000)
  object space 85504K, 58% used [0x00000000c0000000,0x00000000c30ee498,0x00000000c5380000)
 Metaspace       used 56980K, capacity 59058K, committed 59096K, reserved 1099776K
  class space    used 7716K, capacity 8157K, committed 8192K, reserved 1048576K
Event: 21.222 GC heap after
Heap after GC invocations=18 (full 3):
 PSYoungGen      total 191488K, used 0K [0x00000000eab00000, 0x00000000fbb80000, 0x0000000100000000)
  eden space 162816K, 0% used [0x00000000eab00000,0x00000000eab00000,0x00000000f4a00000)
  from space 28672K, 0% used [0x00000000f4a00000,0x00000000f4a00000,0x00000000f6600000)
  to   space 30720K, 0% used [0x00000000f9d80000,0x00000000f9d80000,0x00000000fbb80000)
 ParOldGen       total 160256K, used 62082K [0x00000000c0000000, 0x00000000c9c80000, 0x00000000eab00000)
  object space 160256K, 38% used [0x00000000c0000000,0x00000000c3ca0b18,0x00000000c9c80000)
 Metaspace       used 56980K, capacity 59058K, committed 59096K, reserved 1099776K
  class space    used 7716K, capacity 8157K, committed 8192K, reserved 1048576K
}

